2002.09.09 22:19 B C:\Documents and Settings\Marcus Morberg\Mina dokument\Aa\Båt\99'AN\Webb-sidan\nya_sidan\html\bild\alec_72.jpg --> home7.swipnet.se /html/bild alec_72.jpg
2002.09.09 22:19 B C:\Documents and Settings\Marcus Morberg\Mina dokument\Aa\Båt\99'AN\Webb-sidan\nya_sidan\html\bild\alec_s.jpg --> home7.swipnet.se /html/bild alec_s.jpg
2002.09.09 22:19 B C:\Documents and Settings\Marcus Morberg\Mina dokument\Aa\Båt\99'AN\Webb-sidan\nya_sidan\html\bild\anders1_72.jpg --> home7.swipnet.se /html/bild anders1_72.jpg
2002.09.09 22:19 B C:\Documents and Settings\Marcus Morberg\Mina dokument\Aa\Båt\99'AN\Webb-sidan\nya_sidan\html\bild\anders1_s.jpg --> home7.swipnet.se /html/bild anders1_s.jpg
2002.09.10 00:05 B C:\Documents and Settings\Marcus Morberg\Mina dokument\Aa\Båt\99'AN\Webb-sidan\nya_sidan\html\bild\alec_72.jpg --> home7.swipnet.se /html/bild alec_72.jpg
2002.09.10 00:05 B C:\Documents and Settings\Marcus Morberg\Mina dokument\Aa\Båt\99'AN\Webb-sidan\nya_sidan\html\bild\alec_s.jpg --> home7.swipnet.se /html/bild alec_s.jpg
2002.09.10 00:05 B C:\Documents and Settings\Marcus Morberg\Mina dokument\Aa\Båt\99'AN\Webb-sidan\nya_sidan\html\bild\anders1_72.jpg --> home7.swipnet.se /html/bild anders1_72.jpg
2002.09.10 00:05 B C:\Documents and Settings\Marcus Morberg\Mina dokument\Aa\Båt\99'AN\Webb-sidan\nya_sidan\html\bild\anders1_s.jpg --> home7.swipnet.se /html/bild anders1_s.jpg
2002.09.10 00:06 B C:\Documents and Settings\Marcus Morberg\Mina dokument\Aa\Båt\99'AN\Webb-sidan\nya_sidan\html\bild\lena_100.jpg --> home7.swipnet.se /html/bild lena_100.jpg
2002.09.10 00:06 B C:\Documents and Settings\Marcus Morberg\Mina dokument\Aa\Båt\99'AN\Webb-sidan\nya_sidan\html\bild\lena_s.jpg --> home7.swipnet.se /html/bild lena_s.jpg
2002.09.10 00:06 B C:\Documents and Settings\Marcus Morberg\Mina dokument\Aa\Båt\99'AN\Webb-sidan\nya_sidan\html\bild\lennart_100.jpg --> home7.swipnet.se /html/bild lennart_100.jpg
2002.09.10 00:06 B C:\Documents and Settings\Marcus Morberg\Mina dokument\Aa\Båt\99'AN\Webb-sidan\nya_sidan\html\bild\lennart_s.jpg --> home7.swipnet.se /html/bild lennart_s.jpg
2002.09.10 00:09 B C:\Documents and Settings\Marcus Morberg\Mina dokument\Aa\Båt\99'AN\Webb-sidan\nya_sidan\html\bild\alec_72.jpg --> home7.swipnet.se /html/bild alec_72.jpg
2002.09.10 00:09 B C:\Documents and Settings\Marcus Morberg\Mina dokument\Aa\Båt\99'AN\Webb-sidan\nya_sidan\html\bild\alec_s.jpg --> home7.swipnet.se /html/bild alec_s.jpg
2002.09.10 00:09 B C:\Documents and Settings\Marcus Morberg\Mina dokument\Aa\Båt\99'AN\Webb-sidan\nya_sidan\html\bild\anders1_72.jpg --> home7.swipnet.se /html/bild anders1_72.jpg
2002.09.10 00:09 B C:\Documents and Settings\Marcus Morberg\Mina dokument\Aa\Båt\99'AN\Webb-sidan\nya_sidan\html\bild\anders1_s.jpg --> home7.swipnet.se /html/bild anders1_s.jpg
2002.09.10 00:09 B C:\Documents and Settings\Marcus Morberg\Mina dokument\Aa\Båt\99'AN\Webb-sidan\nya_sidan\html\bild\lena_100.jpg --> home7.swipnet.se /html/bild lena_100.jpg
2002.09.10 00:09 B C:\Documents and Settings\Marcus Morberg\Mina dokument\Aa\Båt\99'AN\Webb-sidan\nya_sidan\html\bild\lena_s.jpg --> home7.swipnet.se /html/bild lena_s.jpg
2002.09.10 00:10 B C:\Documents and Settings\Marcus Morberg\Mina dokument\Aa\Båt\99'AN\Webb-sidan\nya_sidan\html\bild\lennart_100.jpg --> home7.swipnet.se /html/bild lennart_100.jpg
2002.09.10 00:10 B C:\Documents and Settings\Marcus Morberg\Mina dokument\Aa\Båt\99'AN\Webb-sidan\nya_sidan\html\bild\lennart_s.jpg --> home7.swipnet.se /html/bild lennart_s.jpg
2002.09.10 00:10 B C:\Documents and Settings\Marcus Morberg\Mina dokument\Aa\Båt\99'AN\Webb-sidan\nya_sidan\html\bild\lisa_100.jpg --> home7.swipnet.se /html/bild lisa_100.jpg
2002.09.10 00:10 B C:\Documents and Settings\Marcus Morberg\Mina dokument\Aa\Båt\99'AN\Webb-sidan\nya_sidan\html\bild\lisa_s.jpg --> home7.swipnet.se /html/bild lisa_s.jpg
2002.09.10 00:13 B C:\Documents and Settings\Marcus Morberg\Mina dokument\Aa\Båt\99'AN\Webb-sidan\nya_sidan\html\bild\alec_72.jpg --> home7.swipnet.se /html/bild alec_72.jpg
2002.09.10 00:13 B C:\Documents and Settings\Marcus Morberg\Mina dokument\Aa\Båt\99'AN\Webb-sidan\nya_sidan\html\bild\alec_s.jpg --> home7.swipnet.se /html/bild alec_s.jpg
2002.09.10 00:13 B C:\Documents and Settings\Marcus Morberg\Mina dokument\Aa\Båt\99'AN\Webb-sidan\nya_sidan\html\bild\anders1_72.jpg --> home7.swipnet.se /html/bild anders1_72.jpg
2002.09.10 00:13 B C:\Documents and Settings\Marcus Morberg\Mina dokument\Aa\Båt\99'AN\Webb-sidan\nya_sidan\html\bild\anders1_s.jpg --> home7.swipnet.se /html/bild anders1_s.jpg
2002.09.10 00:13 B C:\Documents and Settings\Marcus Morberg\Mina dokument\Aa\Båt\99'AN\Webb-sidan\nya_sidan\html\bild\lena_100.jpg --> home7.swipnet.se /html/bild lena_100.jpg
2002.09.10 00:13 B C:\Documents and Settings\Marcus Morberg\Mina dokument\Aa\Båt\99'AN\Webb-sidan\nya_sidan\html\bild\lena_s.jpg --> home7.swipnet.se /html/bild lena_s.jpg
2002.09.10 00:13 B C:\Documents and Settings\Marcus Morberg\Mina dokument\Aa\Båt\99'AN\Webb-sidan\nya_sidan\html\bild\lennart_100.jpg --> home7.swipnet.se /html/bild lennart_100.jpg
2002.09.10 00:13 B C:\Documents and Settings\Marcus Morberg\Mina dokument\Aa\Båt\99'AN\Webb-sidan\nya_sidan\html\bild\lennart_s.jpg --> home7.swipnet.se /html/bild lennart_s.jpg
2002.09.10 00:14 B C:\Documents and Settings\Marcus Morberg\Mina dokument\Aa\Båt\99'AN\Webb-sidan\nya_sidan\html\bild\lisa_100.jpg --> home7.swipnet.se /html/bild lisa_100.jpg
2002.09.10 00:14 B C:\Documents and Settings\Marcus Morberg\Mina dokument\Aa\Båt\99'AN\Webb-sidan\nya_sidan\html\bild\lisa_s.jpg --> home7.swipnet.se /html/bild lisa_s.jpg
2002.09.10 00:16 B C:\Documents and Settings\Marcus Morberg\Mina dokument\Aa\Båt\99'AN\Webb-sidan\nya_sidan\html\bild\alec_72.jpg --> home7.swipnet.se /html/bild alec_72.jpg
2002.09.10 00:16 B C:\Documents and Settings\Marcus Morberg\Mina dokument\Aa\Båt\99'AN\Webb-sidan\nya_sidan\html\bild\alec_s.jpg --> home7.swipnet.se /html/bild alec_s.jpg
2002.09.10 00:16 B C:\Documents and Settings\Marcus Morberg\Mina dokument\Aa\Båt\99'AN\Webb-sidan\nya_sidan\html\bild\anders1_72.jpg --> home7.swipnet.se /html/bild anders1_72.jpg
2002.09.10 00:16 B C:\Documents and Settings\Marcus Morberg\Mina dokument\Aa\Båt\99'AN\Webb-sidan\nya_sidan\html\bild\anders1_s.jpg --> home7.swipnet.se /html/bild anders1_s.jpg
2002.09.10 00:17 B C:\Documents and Settings\Marcus Morberg\Mina dokument\Aa\Båt\99'AN\Webb-sidan\nya_sidan\html\bild\lena_100.jpg --> home7.swipnet.se /html/bild lena_100.jpg
2002.09.10 00:17 B C:\Documents and Settings\Marcus Morberg\Mina dokument\Aa\Båt\99'AN\Webb-sidan\nya_sidan\html\bild\lena_s.jpg --> home7.swipnet.se /html/bild lena_s.jpg
2002.09.10 00:17 B C:\Documents and Settings\Marcus Morberg\Mina dokument\Aa\Båt\99'AN\Webb-sidan\nya_sidan\html\bild\lennart_100.jpg --> home7.swipnet.se /html/bild lennart_100.jpg
2002.09.10 00:17 B C:\Documents and Settings\Marcus Morberg\Mina dokument\Aa\Båt\99'AN\Webb-sidan\nya_sidan\html\bild\lennart_s.jpg --> home7.swipnet.se /html/bild lennart_s.jpg
2002.09.10 00:17 B C:\Documents and Settings\Marcus Morberg\Mina dokument\Aa\Båt\99'AN\Webb-sidan\nya_sidan\html\bild\lisa_100.jpg --> home7.swipnet.se /html/bild lisa_100.jpg
2002.09.10 00:17 B C:\Documents and Settings\Marcus Morberg\Mina dokument\Aa\Båt\99'AN\Webb-sidan\nya_sidan\html\bild\lisa_s.jpg --> home7.swipnet.se /html/bild lisa_s.jpg
2002.09.10 00:23 B C:\Documents and Settings\Marcus Morberg\Mina dokument\Aa\Båt\99'AN\Webb-sidan\nya_sidan\html\bild\stefan_s.jpg --> home7.swipnet.se /html/bild stefan_s.jpg
2002.09.10 00:23 B C:\Documents and Settings\Marcus Morberg\Mina dokument\Aa\Båt\99'AN\Webb-sidan\nya_sidan\html\bild\alec_72.jpg --> home7.swipnet.se /html/bild alec_72.jpg
2002.09.10 00:23 B C:\Documents and Settings\Marcus Morberg\Mina dokument\Aa\Båt\99'AN\Webb-sidan\nya_sidan\html\bild\alec_s.jpg --> home7.swipnet.se /html/bild alec_s.jpg
2002.09.10 00:23 B C:\Documents and Settings\Marcus Morberg\Mina dokument\Aa\Båt\99'AN\Webb-sidan\nya_sidan\html\bild\anders1_72.jpg --> home7.swipnet.se /html/bild anders1_72.jpg
2002.09.10 00:23 B C:\Documents and Settings\Marcus Morberg\Mina dokument\Aa\Båt\99'AN\Webb-sidan\nya_sidan\html\bild\anders1_s.jpg --> home7.swipnet.se /html/bild anders1_s.jpg
2002.09.10 00:24 B C:\Documents and Settings\Marcus Morberg\Mina dokument\Aa\Båt\99'AN\Webb-sidan\nya_sidan\html\bild\lena_100.jpg --> home7.swipnet.se /html/bild lena_100.jpg
2002.09.10 00:24 B C:\Documents and Settings\Marcus Morberg\Mina dokument\Aa\Båt\99'AN\Webb-sidan\nya_sidan\html\bild\lena_s.jpg --> home7.swipnet.se /html/bild lena_s.jpg
2002.09.10 00:24 B C:\Documents and Settings\Marcus Morberg\Mina dokument\Aa\Båt\99'AN\Webb-sidan\nya_sidan\html\bild\lennart_100.jpg --> home7.swipnet.se /html/bild lennart_100.jpg
2002.09.10 00:24 B C:\Documents and Settings\Marcus Morberg\Mina dokument\Aa\Båt\99'AN\Webb-sidan\nya_sidan\html\bild\lennart_s.jpg --> home7.swipnet.se /html/bild lennart_s.jpg
2002.09.10 00:24 B C:\Documents and Settings\Marcus Morberg\Mina dokument\Aa\Båt\99'AN\Webb-sidan\nya_sidan\html\bild\lisa_100.jpg --> home7.swipnet.se /html/bild lisa_100.jpg
2002.09.10 00:24 B C:\Documents and Settings\Marcus Morberg\Mina dokument\Aa\Båt\99'AN\Webb-sidan\nya_sidan\html\bild\lisa_s.jpg --> home7.swipnet.se /html/bild lisa_s.jpg
2002.09.10 00:24 B C:\Documents and Settings\Marcus Morberg\Mina dokument\Aa\Båt\99'AN\Webb-sidan\nya_sidan\html\bild\lotta_100.jpg --> home7.swipnet.se /html/bild lotta_100.jpg
2002.09.10 00:24 B C:\Documents and Settings\Marcus Morberg\Mina dokument\Aa\Båt\99'AN\Webb-sidan\nya_sidan\html\bild\lotta_s.jpg --> home7.swipnet.se /html/bild lotta_s.jpg
2002.09.10 00:24 B C:\Documents and Settings\Marcus Morberg\Mina dokument\Aa\Båt\99'AN\Webb-sidan\nya_sidan\html\bild\mats_100.jpg --> home7.swipnet.se /html/bild mats_100.jpg
2002.09.10 00:24 B C:\Documents and Settings\Marcus Morberg\Mina dokument\Aa\Båt\99'AN\Webb-sidan\nya_sidan\html\bild\mats_s.jpg --> home7.swipnet.se /html/bild mats_s.jpg
2002.09.10 00:25 B C:\Documents and Settings\Marcus Morberg\Mina dokument\Aa\Båt\99'AN\Webb-sidan\nya_sidan\html\bild\rickard_100.jpg --> home7.swipnet.se /html/bild rickard_100.jpg
2002.09.10 00:25 B C:\Documents and Settings\Marcus Morberg\Mina dokument\Aa\Båt\99'AN\Webb-sidan\nya_sidan\html\bild\rickard_s.jpg --> home7.swipnet.se /html/bild rickard_s.jpg
2002.09.10 00:25 B C:\Documents and Settings\Marcus Morberg\Mina dokument\Aa\Båt\99'AN\Webb-sidan\nya_sidan\html\bild\spinnaker1_50.jpg --> home7.swipnet.se /html/bild spinnaker1_50.jpg
2002.09.10 00:25 B C:\Documents and Settings\Marcus Morberg\Mina dokument\Aa\Båt\99'AN\Webb-sidan\nya_sidan\html\bild\spinnaker1_s.jpg --> home7.swipnet.se /html/bild spinnaker1_s.jpg
2002.09.10 00:25 B C:\Documents and Settings\Marcus Morberg\Mina dokument\Aa\Båt\99'AN\Webb-sidan\nya_sidan\html\bild\stefan_100.jpg --> home7.swipnet.se /html/bild stefan_100.jpg
2002.09.10 00:28 B C:\Documents and Settings\Marcus Morberg\Mina dokument\Aa\Båt\99'AN\Webb-sidan\nya_sidan\html\bild\spinnaker2_50.jpg --> home7.swipnet.se /html/bild spinnaker2_50.jpg
2002.09.10 00:28 B C:\Documents and Settings\Marcus Morberg\Mina dokument\Aa\Båt\99'AN\Webb-sidan\nya_sidan\html\bild\spinnaker2_s.jpg --> home7.swipnet.se /html/bild spinnaker2_s.jpg
2002.09.10 02:12 B C:\Documents and Settings\Marcus Morberg\Mina dokument\Aa\Båt\99'AN\Webb-sidan\nya_sidan\html\bild\alec_72.jpg --> home7.swipnet.se /html/bild alec_72.jpg
2002.09.10 02:12 B C:\Documents and Settings\Marcus Morberg\Mina dokument\Aa\Båt\99'AN\Webb-sidan\nya_sidan\html\bild\alec_s.jpg --> home7.swipnet.se /html/bild alec_s.jpg
2002.09.10 02:12 B C:\Documents and Settings\Marcus Morberg\Mina dokument\Aa\Båt\99'AN\Webb-sidan\nya_sidan\html\bild\anders1_72.jpg --> home7.swipnet.se /html/bild anders1_72.jpg
2002.09.10 02:12 B C:\Documents and Settings\Marcus Morberg\Mina dokument\Aa\Båt\99'AN\Webb-sidan\nya_sidan\html\bild\anders1_s.jpg --> home7.swipnet.se /html/bild anders1_s.jpg
2002.09.10 02:12 B C:\Documents and Settings\Marcus Morberg\Mina dokument\Aa\Båt\99'AN\Webb-sidan\nya_sidan\html\bild\lena_100.jpg --> home7.swipnet.se /html/bild lena_100.jpg
2002.09.10 02:12 B C:\Documents and Settings\Marcus Morberg\Mina dokument\Aa\Båt\99'AN\Webb-sidan\nya_sidan\html\bild\lena_s.jpg --> home7.swipnet.se /html/bild lena_s.jpg
2002.09.10 02:13 B C:\Documents and Settings\Marcus Morberg\Mina dokument\Aa\Båt\99'AN\Webb-sidan\nya_sidan\html\bild\lennart_100.jpg --> home7.swipnet.se /html/bild lennart_100.jpg
2002.09.10 02:13 B C:\Documents and Settings\Marcus Morberg\Mina dokument\Aa\Båt\99'AN\Webb-sidan\nya_sidan\html\bild\lennart_s.jpg --> home7.swipnet.se /html/bild lennart_s.jpg
2002.09.10 02:13 B C:\Documents and Settings\Marcus Morberg\Mina dokument\Aa\Båt\99'AN\Webb-sidan\nya_sidan\html\bild\lisa_100.jpg --> home7.swipnet.se /html/bild lisa_100.jpg
2002.09.10 02:13 B C:\Documents and Settings\Marcus Morberg\Mina dokument\Aa\Båt\99'AN\Webb-sidan\nya_sidan\html\bild\lisa_s.jpg --> home7.swipnet.se /html/bild lisa_s.jpg
2002.09.10 02:13 B C:\Documents and Settings\Marcus Morberg\Mina dokument\Aa\Båt\99'AN\Webb-sidan\nya_sidan\html\bild\lotta_100.jpg --> home7.swipnet.se /html/bild lotta_100.jpg
2002.09.10 02:13 B C:\Documents and Settings\Marcus Morberg\Mina dokument\Aa\Båt\99'AN\Webb-sidan\nya_sidan\html\bild\lotta_s.jpg --> home7.swipnet.se /html/bild lotta_s.jpg
2002.09.10 02:13 B C:\Documents and Settings\Marcus Morberg\Mina dokument\Aa\Båt\99'AN\Webb-sidan\nya_sidan\html\bild\mats_100.jpg --> home7.swipnet.se /html/bild mats_100.jpg
2002.09.10 02:13 B C:\Documents and Settings\Marcus Morberg\Mina dokument\Aa\Båt\99'AN\Webb-sidan\nya_sidan\html\bild\mats_s.jpg --> home7.swipnet.se /html/bild mats_s.jpg
2002.09.10 02:13 B C:\Documents and Settings\Marcus Morberg\Mina dokument\Aa\Båt\99'AN\Webb-sidan\nya_sidan\html\bild\rickard_100.jpg --> home7.swipnet.se /html/bild rickard_100.jpg
2002.09.10 02:13 B C:\Documents and Settings\Marcus Morberg\Mina dokument\Aa\Båt\99'AN\Webb-sidan\nya_sidan\html\bild\rickard_s.jpg --> home7.swipnet.se /html/bild rickard_s.jpg
2002.09.10 02:14 B C:\Documents and Settings\Marcus Morberg\Mina dokument\Aa\Båt\99'AN\Webb-sidan\nya_sidan\html\bild\set2_100.jpg --> home7.swipnet.se /html/bild set2_100.jpg
2002.09.10 02:14 B C:\Documents and Settings\Marcus Morberg\Mina dokument\Aa\Båt\99'AN\Webb-sidan\nya_sidan\html\bild\set2_s.jpg --> home7.swipnet.se /html/bild set2_s.jpg
2002.09.10 02:14 B C:\Documents and Settings\Marcus Morberg\Mina dokument\Aa\Båt\99'AN\Webb-sidan\nya_sidan\html\bild\spinnaker1_50.jpg --> home7.swipnet.se /html/bild spinnaker1_50.jpg
2002.09.10 02:14 B C:\Documents and Settings\Marcus Morberg\Mina dokument\Aa\Båt\99'AN\Webb-sidan\nya_sidan\html\bild\spinnaker1_s.jpg --> home7.swipnet.se /html/bild spinnaker1_s.jpg
2002.09.10 02:14 B C:\Documents and Settings\Marcus Morberg\Mina dokument\Aa\Båt\99'AN\Webb-sidan\nya_sidan\html\bild\spinnaker2_50.jpg --> home7.swipnet.se /html/bild spinnaker2_50.jpg
2002.09.10 02:14 B C:\Documents and Settings\Marcus Morberg\Mina dokument\Aa\Båt\99'AN\Webb-sidan\nya_sidan\html\bild\spinnaker2_s.jpg --> home7.swipnet.se /html/bild spinnaker2_s.jpg
2002.09.10 02:14 B C:\Documents and Settings\Marcus Morberg\Mina dokument\Aa\Båt\99'AN\Webb-sidan\nya_sidan\html\bild\spinnaker3_50.jpg --> home7.swipnet.se /html/bild spinnaker3_50.jpg
2002.09.10 02:14 B C:\Documents and Settings\Marcus Morberg\Mina dokument\Aa\Båt\99'AN\Webb-sidan\nya_sidan\html\bild\spinnaker3_s.jpg --> home7.swipnet.se /html/bild spinnaker3_s.jpg
2002.09.10 02:14 B C:\Documents and Settings\Marcus Morberg\Mina dokument\Aa\Båt\99'AN\Webb-sidan\nya_sidan\html\bild\start1_100.jpg --> home7.swipnet.se /html/bild start1_100.jpg
2002.09.10 02:14 B C:\Documents and Settings\Marcus Morberg\Mina dokument\Aa\Båt\99'AN\Webb-sidan\nya_sidan\html\bild\start1_s.jpg --> home7.swipnet.se /html/bild start1_s.jpg
2002.09.10 02:14 B C:\Documents and Settings\Marcus Morberg\Mina dokument\Aa\Båt\99'AN\Webb-sidan\nya_sidan\html\bild\start2_100.jpg --> home7.swipnet.se /html/bild start2_100.jpg
2002.09.10 02:14 B C:\Documents and Settings\Marcus Morberg\Mina dokument\Aa\Båt\99'AN\Webb-sidan\nya_sidan\html\bild\start2_s.jpg --> home7.swipnet.se /html/bild start2_s.jpg
2002.09.10 02:14 B C:\Documents and Settings\Marcus Morberg\Mina dokument\Aa\Båt\99'AN\Webb-sidan\nya_sidan\html\bild\stefan_100.jpg --> home7.swipnet.se /html/bild stefan_100.jpg
2002.09.10 02:14 B C:\Documents and Settings\Marcus Morberg\Mina dokument\Aa\Båt\99'AN\Webb-sidan\nya_sidan\html\bild\stefan_s.jpg --> home7.swipnet.se /html/bild stefan_s.jpg
2002.09.10 02:14 B C:\Documents and Settings\Marcus Morberg\Mina dokument\Aa\Båt\99'AN\Webb-sidan\nya_sidan\html\bild\Thumbs.db --> home7.swipnet.se /html/bild Thumbs.db
2002.09.10 02:15 B C:\Documents and Settings\Marcus Morberg\Mina dokument\Aa\Båt\99'AN\Webb-sidan\nya_sidan\html\bild\upround_100.jpg --> home7.swipnet.se /html/bild upround_100.jpg
2002.09.10 02:18 B C:\Documents and Settings\Marcus Morberg\Mina dokument\Aa\Båt\99'AN\Webb-sidan\nya_sidan\html\bild\upround_s.jpg --> home7.swipnet.se /html/bild upround_s.jpg
2002.09.10 02:28 B C:\Documents and Settings\Marcus Morberg\Mina dokument\Aa\Båt\99'AN\Webb-sidan\nya_sidan\html\bild\A2.JPG <-- Ipswitch /html A2.JPG
2002.09.10 02:32 B C:\Documents and Settings\Marcus Morberg\Mina dokument\Aa\Båt\99'AN\Webb-sidan\nya_sidan\html\bild\stefan_s.jpg --> home7.swipnet.se /html/bild stefan_s.jpg
2002.09.10 02:33 B C:\Documents and Settings\Marcus Morberg\Mina dokument\Aa\Båt\99'AN\Webb-sidan\nya_sidan\html\bild\stefan_100.jpg --> home7.swipnet.se /html/bild stefan_100.jpg
2002.09.10 02:33 B C:\Documents and Settings\Marcus Morberg\Mina dokument\Aa\Båt\99'AN\Webb-sidan\nya_sidan\html\bild\alec_72.jpg --> home7.swipnet.se /html/bild alec_72.jpg
2002.09.10 02:33 B C:\Documents and Settings\Marcus Morberg\Mina dokument\Aa\Båt\99'AN\Webb-sidan\nya_sidan\html\bild\alec_s.jpg --> home7.swipnet.se /html/bild alec_s.jpg
2002.09.10 02:33 B C:\Documents and Settings\Marcus Morberg\Mina dokument\Aa\Båt\99'AN\Webb-sidan\nya_sidan\html\bild\anders1_72.jpg --> home7.swipnet.se /html/bild anders1_72.jpg
2002.09.10 02:33 B C:\Documents and Settings\Marcus Morberg\Mina dokument\Aa\Båt\99'AN\Webb-sidan\nya_sidan\html\bild\anders1_s.jpg --> home7.swipnet.se /html/bild anders1_s.jpg
2002.09.10 02:33 B C:\Documents and Settings\Marcus Morberg\Mina dokument\Aa\Båt\99'AN\Webb-sidan\nya_sidan\html\bild\lena_100.jpg --> home7.swipnet.se /html/bild lena_100.jpg
2002.09.10 02:34 B C:\Documents and Settings\Marcus Morberg\Mina dokument\Aa\Båt\99'AN\Webb-sidan\nya_sidan\html\bild\lena_s.jpg --> home7.swipnet.se /html/bild lena_s.jpg
2002.09.10 02:34 B C:\Documents and Settings\Marcus Morberg\Mina dokument\Aa\Båt\99'AN\Webb-sidan\nya_sidan\html\bild\lennart_100.jpg --> home7.swipnet.se /html/bild lennart_100.jpg
2002.09.10 02:34 B C:\Documents and Settings\Marcus Morberg\Mina dokument\Aa\Båt\99'AN\Webb-sidan\nya_sidan\html\bild\lennart_s.jpg --> home7.swipnet.se /html/bild lennart_s.jpg
2002.09.10 02:34 B C:\Documents and Settings\Marcus Morberg\Mina dokument\Aa\Båt\99'AN\Webb-sidan\nya_sidan\html\bild\lisa_100.jpg --> home7.swipnet.se /html/bild lisa_100.jpg
2002.09.10 02:34 B C:\Documents and Settings\Marcus Morberg\Mina dokument\Aa\Båt\99'AN\Webb-sidan\nya_sidan\html\bild\lisa_s.jpg --> home7.swipnet.se /html/bild lisa_s.jpg
2002.09.10 02:34 B C:\Documents and Settings\Marcus Morberg\Mina dokument\Aa\Båt\99'AN\Webb-sidan\nya_sidan\html\bild\lotta_100.jpg --> home7.swipnet.se /html/bild lotta_100.jpg
2002.09.10 02:34 B C:\Documents and Settings\Marcus Morberg\Mina dokument\Aa\Båt\99'AN\Webb-sidan\nya_sidan\html\bild\lotta_s.jpg --> home7.swipnet.se /html/bild lotta_s.jpg
2002.09.10 02:34 B C:\Documents and Settings\Marcus Morberg\Mina dokument\Aa\Båt\99'AN\Webb-sidan\nya_sidan\html\bild\mats_100.jpg --> home7.swipnet.se /html/bild mats_100.jpg
2002.09.10 02:34 B C:\Documents and Settings\Marcus Morberg\Mina dokument\Aa\Båt\99'AN\Webb-sidan\nya_sidan\html\bild\mats_s.jpg --> home7.swipnet.se /html/bild mats_s.jpg
2002.09.10 02:34 B C:\Documents and Settings\Marcus Morberg\Mina dokument\Aa\Båt\99'AN\Webb-sidan\nya_sidan\html\bild\rickard_100.jpg --> home7.swipnet.se /html/bild rickard_100.jpg
2002.09.10 02:35 B C:\Documents and Settings\Marcus Morberg\Mina dokument\Aa\Båt\99'AN\Webb-sidan\nya_sidan\html\bild\rickard_s.jpg --> home7.swipnet.se /html/bild rickard_s.jpg
2002.09.10 02:35 B C:\Documents and Settings\Marcus Morberg\Mina dokument\Aa\Båt\99'AN\Webb-sidan\nya_sidan\html\bild\set2_100.jpg --> home7.swipnet.se /html/bild set2_100.jpg
2002.09.10 02:35 B C:\Documents and Settings\Marcus Morberg\Mina dokument\Aa\Båt\99'AN\Webb-sidan\nya_sidan\html\bild\set2_s.jpg --> home7.swipnet.se /html/bild set2_s.jpg
2002.09.10 02:35 B C:\Documents and Settings\Marcus Morberg\Mina dokument\Aa\Båt\99'AN\Webb-sidan\nya_sidan\html\bild\spinnaker1_50.jpg --> home7.swipnet.se /html/bild spinnaker1_50.jpg
2002.09.10 02:35 B C:\Documents and Settings\Marcus Morberg\Mina dokument\Aa\Båt\99'AN\Webb-sidan\nya_sidan\html\bild\spinnaker1_s.jpg --> home7.swipnet.se /html/bild spinnaker1_s.jpg
2002.09.10 02:35 B C:\Documents and Settings\Marcus Morberg\Mina dokument\Aa\Båt\99'AN\Webb-sidan\nya_sidan\html\bild\spinnaker2_50.jpg --> home7.swipnet.se /html/bild spinnaker2_50.jpg
2002.09.10 02:35 B C:\Documents and Settings\Marcus Morberg\Mina dokument\Aa\Båt\99'AN\Webb-sidan\nya_sidan\html\bild\spinnaker2_s.jpg --> home7.swipnet.se /html/bild spinnaker2_s.jpg
2002.09.10 02:35 B C:\Documents and Settings\Marcus Morberg\Mina dokument\Aa\Båt\99'AN\Webb-sidan\nya_sidan\html\bild\spinnaker3_50.jpg --> home7.swipnet.se /html/bild spinnaker3_50.jpg
2002.09.10 02:35 B C:\Documents and Settings\Marcus Morberg\Mina dokument\Aa\Båt\99'AN\Webb-sidan\nya_sidan\html\bild\spinnaker3_s.jpg --> home7.swipnet.se /html/bild spinnaker3_s.jpg
2002.09.10 02:35 B C:\Documents and Settings\Marcus Morberg\Mina dokument\Aa\Båt\99'AN\Webb-sidan\nya_sidan\html\bild\start1_100.jpg --> home7.swipnet.se /html/bild start1_100.jpg
2002.09.10 02:35 B C:\Documents and Settings\Marcus Morberg\Mina dokument\Aa\Båt\99'AN\Webb-sidan\nya_sidan\html\bild\start1_s.jpg --> home7.swipnet.se /html/bild start1_s.jpg
2002.09.10 02:35 B C:\Documents and Settings\Marcus Morberg\Mina dokument\Aa\Båt\99'AN\Webb-sidan\nya_sidan\html\bild\start2_100.jpg --> home7.swipnet.se /html/bild start2_100.jpg
2002.09.10 02:35 B C:\Documents and Settings\Marcus Morberg\Mina dokument\Aa\Båt\99'AN\Webb-sidan\nya_sidan\html\bild\start2_s.jpg --> home7.swipnet.se /html/bild start2_s.jpg
2002.09.10 02:35 B C:\Documents and Settings\Marcus Morberg\Mina dokument\Aa\Båt\99'AN\Webb-sidan\nya_sidan\html\bild\stefan_100.jpg --> home7.swipnet.se /html/bild stefan_100.jpg
2002.09.10 03:10 B C:\Documents and Settings\Marcus Morberg\Mina dokument\Aa\Båt\99'AN\Webb-sidan\nya_sidan\html\bild\upround_s.jpg --> home7.swipnet.se /html/bild upround_s.jpg
2002.09.24 01:47 B C:\Documents and Settings\Marcus Morberg\Mina dokument\Aa\Båt\99'AN\Webb-sidan\nya_sidan\html\bild\upround_100.jpg --> home7.swipnet.se /html/bild upround_100.jpg
2002.09.24 22:29 B C:\Documents and Settings\Marcus Morberg\Mina dokument\Aa\Båt\99'AN\Webb-sidan\nya_sidan\html\bild\paradis_s.jpg --> home7.swipnet.se /html/bild paradis_s.jpg
2002.09.24 22:29 B C:\Documents and Settings\Marcus Morberg\Mina dokument\Aa\Båt\99'AN\Webb-sidan\nya_sidan\html\bild\paradis.jpg --> home7.swipnet.se /html/bild paradis.jpg
2002.09.25 14:22 B C:\Documents and Settings\Marcus Morberg\Mina dokument\Aa\Båt\99'AN\Webb-sidan\nya_sidan\html\bild\food_s.jpg --> home7.swipnet.se /html/bild food_s.jpg
2002.09.25 14:22 B C:\Documents and Settings\Marcus Morberg\Mina dokument\Aa\Båt\99'AN\Webb-sidan\nya_sidan\html\bild\food_72.jpg --> home7.swipnet.se /html/bild food_72.jpg
2002.09.25 14:22 B C:\Documents and Settings\Marcus Morberg\Mina dokument\Aa\Båt\99'AN\Webb-sidan\nya_sidan\html\bild\swim_s.jpg --> home7.swipnet.se /html/bild swim_s.jpg
2002.09.25 14:22 B C:\Documents and Settings\Marcus Morberg\Mina dokument\Aa\Båt\99'AN\Webb-sidan\nya_sidan\html\bild\swim_72.jpg --> home7.swipnet.se /html/bild swim_72.jpg
2002.09.25 14:22 B C:\Documents and Settings\Marcus Morberg\Mina dokument\Aa\Båt\99'AN\Webb-sidan\nya_sidan\html\bild\vy_s.jpg --> home7.swipnet.se /html/bild vy_s.jpg
2002.09.25 14:23 B C:\Documents and Settings\Marcus Morberg\Mina dokument\Aa\Båt\99'AN\Webb-sidan\nya_sidan\html\bild\vy_72.jpg --> home7.swipnet.se /html/bild vy_72.jpg
2002.09.25 14:23 B C:\Documents and Settings\Marcus Morberg\Mina dokument\Aa\Båt\99'AN\Webb-sidan\nya_sidan\html\bild\mat_s.jpg --> home7.swipnet.se /html/bild mat_s.jpg
2002.09.25 14:23 B C:\Documents and Settings\Marcus Morberg\Mina dokument\Aa\Båt\99'AN\Webb-sidan\nya_sidan\html\bild\mat_72.jpg --> home7.swipnet.se /html/bild mat_72.jpg
2002.09.25 14:23 B C:\Documents and Settings\Marcus Morberg\Mina dokument\Aa\Båt\99'AN\Webb-sidan\nya_sidan\html\bild\boat_s.jpg --> home7.swipnet.se /html/bild boat_s.jpg
2002.09.25 14:23 B C:\Documents and Settings\Marcus Morberg\Mina dokument\Aa\Båt\99'AN\Webb-sidan\nya_sidan\html\bild\boat_72.jpg --> home7.swipnet.se /html/bild boat_72.jpg
2002.09.25 14:23 B C:\Documents and Settings\Marcus Morberg\Mina dokument\Aa\Båt\99'AN\Webb-sidan\nya_sidan\html\bild\bosse_s.jpg --> home7.swipnet.se /html/bild bosse_s.jpg
2002.09.25 14:23 B C:\Documents and Settings\Marcus Morberg\Mina dokument\Aa\Båt\99'AN\Webb-sidan\nya_sidan\html\bild\bosse_72.jpg --> home7.swipnet.se /html/bild bosse_72.jpg
