98.02.24 02:42 B C:\AAA\OVRIGT\BÅTEN\99'AN\Webb-sidan\lnkar.htm --> home7.swipnet.se /html lnkar.htm
98.02.24 02:47 B C:\AAA\OVRIGT\BÅTEN\99'AN\Webb-sidan\lnkar.htm --> home7.swipnet.se /html lnkar.htm
98.02.24 16:16 B C:\AAA\OVRIGT\BÅTEN\99'AN\Webb-sidan\bes.htm --> home7.swipnet.se /html bes.htm
98.02.24 16:16 B C:\AAA\OVRIGT\BÅTEN\99'AN\Webb-sidan\bten.htm --> home7.swipnet.se /html bten.htm
98.02.24 16:16 B C:\AAA\OVRIGT\BÅTEN\99'AN\Webb-sidan\index.htm --> home7.swipnet.se /html index.htm
98.02.24 16:16 B C:\AAA\OVRIGT\BÅTEN\99'AN\Webb-sidan\kappsegl.htm --> home7.swipnet.se /html kappsegl.htm
98.02.24 16:16 B C:\AAA\OVRIGT\BÅTEN\99'AN\Webb-sidan\kontakta.htm --> home7.swipnet.se /html kontakta.htm
98.02.24 16:16 B C:\AAA\OVRIGT\BÅTEN\99'AN\Webb-sidan\lnkar.htm --> home7.swipnet.se /html lnkar.htm
98.02.24 16:16 B C:\AAA\OVRIGT\BÅTEN\99'AN\Webb-sidan\mlbeskri.htm --> home7.swipnet.se /html mlbeskri.htm
98.02.24 16:21 B C:\AAA\OVRIGT\BÅTEN\99'AN\Webb-sidan\bes.htm --> home7.swipnet.se /html bes.htm
98.02.25 03:02 B C:\AAA\OVRIGT\BÅTEN\99'AN\Webb-sidan\Chines.jpg --> home7.swipnet.se /html Chines.jpg
98.02.25 03:03 B C:\AAA\OVRIGT\BÅTEN\99'AN\Webb-sidan\index.htm --> home7.swipnet.se /html index.htm
98.02.25 04:19 B C:\AAA\OVRIGT\BÅTEN\99'AN\Webb-sidan\bes.htm --> home7.swipnet.se /html bes.htm
98.02.25 04:19 B C:\AAA\OVRIGT\BÅTEN\99'AN\Webb-sidan\Bmagic.jpg --> home7.swipnet.se /html Bmagic.jpg
98.02.25 04:19 B C:\AAA\OVRIGT\BÅTEN\99'AN\Webb-sidan\bten.htm --> home7.swipnet.se /html bten.htm
98.02.25 04:19 B C:\AAA\OVRIGT\BÅTEN\99'AN\Webb-sidan\Chines.jpg --> home7.swipnet.se /html Chines.jpg
98.02.25 04:19 B C:\AAA\OVRIGT\BÅTEN\99'AN\Webb-sidan\frontlogo-whitbread.gif --> home7.swipnet.se /html frontlogo-whitbread.gif
98.02.25 04:19 B C:\AAA\OVRIGT\BÅTEN\99'AN\Webb-sidan\gr97newgl.jpg.lnk --> home7.swipnet.se /html gr97newgl.jpg.lnk
98.02.25 04:19 B C:\AAA\OVRIGT\BÅTEN\99'AN\Webb-sidan\Hongkong.jpg.lnk --> home7.swipnet.se /html Hongkong.jpg.lnk
98.02.25 04:19 B C:\AAA\OVRIGT\BÅTEN\99'AN\Webb-sidan\index.htm --> home7.swipnet.se /html index.htm
98.02.25 04:19 B C:\AAA\OVRIGT\BÅTEN\99'AN\Webb-sidan\kappsegl.htm --> home7.swipnet.se /html kappsegl.htm
98.02.25 04:19 B C:\AAA\OVRIGT\BÅTEN\99'AN\Webb-sidan\kontakta.htm --> home7.swipnet.se /html kontakta.htm
98.02.25 04:19 B C:\AAA\OVRIGT\BÅTEN\99'AN\Webb-sidan\lnkar.htm --> home7.swipnet.se /html lnkar.htm
98.02.25 04:19 B C:\AAA\OVRIGT\BÅTEN\99'AN\Webb-sidan\mlbeskri.htm --> home7.swipnet.se /html mlbeskri.htm
98.02.25 04:19 B C:\AAA\OVRIGT\BÅTEN\99'AN\Webb-sidan\Pvictory.jpg --> home7.swipnet.se /html Pvictory.jpg
98.02.25 04:19 B C:\AAA\OVRIGT\BÅTEN\99'AN\Webb-sidan\ritningo.gif.lnk --> home7.swipnet.se /html ritningo.gif.lnk
98.02.25 04:19 B C:\AAA\OVRIGT\BÅTEN\99'AN\Webb-sidan\ritnings.gif.lnk --> home7.swipnet.se /html ritnings.gif.lnk
98.02.25 04:27 B C:\AAA\OVRIGT\BÅTEN\99'AN\Webb-sidan\Hongkong.jpg --> home7.swipnet.se /html Hongkong.jpg
98.02.25 04:28 B C:\AAA\OVRIGT\BÅTEN\99'AN\Webb-sidan\gr97newgl.jpg --> home7.swipnet.se /html gr97newgl.jpg
98.02.25 04:28 B C:\AAA\OVRIGT\BÅTEN\99'AN\Webb-sidan\ritningo.gif --> home7.swipnet.se /html ritningo.gif
98.02.25 04:29 B C:\AAA\OVRIGT\BÅTEN\99'AN\Webb-sidan\ritnings.gif --> home7.swipnet.se /html ritnings.gif
98.02.25 04:41 B C:\AAA\OVRIGT\BÅTEN\99'AN\Webb-sidan\bes.htm --> home7.swipnet.se /html bes.htm
98.02.25 04:41 B C:\AAA\OVRIGT\BÅTEN\99'AN\Webb-sidan\bten.htm --> home7.swipnet.se /html bten.htm
98.02.25 04:41 B C:\AAA\OVRIGT\BÅTEN\99'AN\Webb-sidan\gr97newgl.jpg --> home7.swipnet.se /html gr97newgl.jpg
98.02.25 04:42 B C:\AAA\OVRIGT\BÅTEN\99'AN\Webb-sidan\Hongkong.jpg --> home7.swipnet.se /html Hongkong.jpg
98.02.25 04:42 B C:\AAA\OVRIGT\BÅTEN\99'AN\Webb-sidan\index.htm --> home7.swipnet.se /html index.htm
98.02.25 04:42 B C:\AAA\OVRIGT\BÅTEN\99'AN\Webb-sidan\kappsegl.htm --> home7.swipnet.se /html kappsegl.htm
98.02.25 04:42 B C:\AAA\OVRIGT\BÅTEN\99'AN\Webb-sidan\kontakta.htm --> home7.swipnet.se /html kontakta.htm
98.02.25 04:42 B C:\AAA\OVRIGT\BÅTEN\99'AN\Webb-sidan\lnkar.htm --> home7.swipnet.se /html lnkar.htm
98.02.25 04:42 B C:\AAA\OVRIGT\BÅTEN\99'AN\Webb-sidan\mlbeskri.htm --> home7.swipnet.se /html mlbeskri.htm
98.02.25 04:42 B C:\AAA\OVRIGT\BÅTEN\99'AN\Webb-sidan\ritningo.gif --> home7.swipnet.se /html ritningo.gif
98.02.25 04:42 B C:\AAA\OVRIGT\BÅTEN\99'AN\Webb-sidan\ritnings.gif --> home7.swipnet.se /html ritnings.gif
98.02.26 01:23 B C:\AAA\OVRIGT\BÅTEN\99'AN\Webb-sidan\Count.gif --> home7.swipnet.se /html Count.gif
98.02.26 01:24 B C:\AAA\OVRIGT\BÅTEN\99'AN\Webb-sidan\bes.htm --> home7.swipnet.se /html bes.htm
98.02.26 01:24 B C:\AAA\OVRIGT\BÅTEN\99'AN\Webb-sidan\bten.htm --> home7.swipnet.se /html bten.htm
98.02.26 01:24 B C:\AAA\OVRIGT\BÅTEN\99'AN\Webb-sidan\index.htm --> home7.swipnet.se /html index.htm
98.02.26 01:24 B C:\AAA\OVRIGT\BÅTEN\99'AN\Webb-sidan\kappsegl.htm --> home7.swipnet.se /html kappsegl.htm
98.02.26 01:25 B C:\AAA\OVRIGT\BÅTEN\99'AN\Webb-sidan\kontakta.htm --> home7.swipnet.se /html kontakta.htm
98.02.26 01:25 B C:\AAA\OVRIGT\BÅTEN\99'AN\Webb-sidan\lnkar.htm --> home7.swipnet.se /html lnkar.htm
98.02.26 01:25 B C:\AAA\OVRIGT\BÅTEN\99'AN\Webb-sidan\mlbeskri.htm --> home7.swipnet.se /html mlbeskri.htm
98.02.27 04:58 B C:\AAA\OVRIGT\BÅTEN\99'AN\Webb-sidan\bes.htm --> home7.swipnet.se /html bes.htm
98.02.27 04:58 B C:\AAA\OVRIGT\BÅTEN\99'AN\Webb-sidan\bten.htm --> home7.swipnet.se /html bten.htm
98.02.27 04:58 B C:\AAA\OVRIGT\BÅTEN\99'AN\Webb-sidan\index.htm --> home7.swipnet.se /html index.htm
98.02.27 04:58 B C:\AAA\OVRIGT\BÅTEN\99'AN\Webb-sidan\kappsegl.htm --> home7.swipnet.se /html kappsegl.htm
98.02.27 04:58 B C:\AAA\OVRIGT\BÅTEN\99'AN\Webb-sidan\kontakta.htm --> home7.swipnet.se /html kontakta.htm
98.02.27 04:58 B C:\AAA\OVRIGT\BÅTEN\99'AN\Webb-sidan\lnkar.htm --> home7.swipnet.se /html lnkar.htm
98.02.27 04:58 B C:\AAA\OVRIGT\BÅTEN\99'AN\Webb-sidan\marcusra.htm --> home7.swipnet.se /html marcusra.htm
98.02.27 04:58 B C:\AAA\OVRIGT\BÅTEN\99'AN\Webb-sidan\mlbeskri.htm --> home7.swipnet.se /html mlbeskri.htm
98.02.27 04:58 B C:\AAA\OVRIGT\BÅTEN\99'AN\Webb-sidan\rorsman.htm --> home7.swipnet.se /html rorsman.htm
98.02.27 21:09 B C:\AAA\OVRIGT\BÅTEN\99'AN\Webb-sidan\rorsman.htm --> home7.swipnet.se /html rorsman.htm
98.02.27 22:58 B C:\AAA\OVRIGT\BÅTEN\99'AN\Webb-sidan\rorsman.htm --> home7.swipnet.se /html rorsman.htm
